#
# There is insufficient memory for the Java Runtime Environment to continue.
# Native memory allocation (mmap) failed to map 27262976 bytes for Failed to commit area from 0x0000000089e00000 to 0x000000008b800000 of length 27262976.
# Possible reasons:
#   The system is out of physical RAM or swap space
#   The process is running with CompressedOops enabled, and the Java Heap may be blocking the growth of the native heap
# Possible solutions:
#   Reduce memory load on the system
#   Increase physical memory or swap space
#   Check if swap backing store is full
#   Decrease Java heap size (-Xmx/-Xms)
#   Decrease number of Java threads
#   Decrease Java thread stack sizes (-Xss)
#   Set larger code cache with -XX:ReservedCodeCacheSize=
#   JVM is running with Unscaled Compressed Oops mode in which the Java heap is
#     placed in the first 4GB address space. The Java Heap base address is the
#     maximum limit for the native heap growth. Please use -XX:HeapBaseMinAddress
#     to set the Java Heap base and to place the Java Heap above 4GB virtual address.
# This output file may be truncated or incomplete.
#
#  Out of Memory Error (c:/BuildAgent/work/5ff2f6c26000d570/src/hotspot/os/windows/os_windows.cpp:3281), pid=1348, tid=2112
#
# JRE version: OpenJDK Runtime Environment (11.0.4+10) (build 11.0.4+10-b304.69)
# Java VM: OpenJDK 64-Bit Server VM (11.0.4+10-b304.69, mixed mode, sharing, tiered, compressed oops, g1 gc, windows-amd64)
# No core dump will be written. Minidumps are not enabled by default on client versions of Windows
#

---------------  S U M M A R Y ------------

Command Line: -javaagent:D:\java\IntelliJ IDEA Community Edition 2019.2.3\lib\idea_rt.jar=51341:D:\java\IntelliJ IDEA Community Edition 2019.2.3\bin -Dfile.encoding=UTF-8 com.andreea.magazinonline.MagazinonlineApplication

Host: Intel(R) Core(TM) i5-8300H CPU @ 2.30GHz, 8 cores, 7G,  Windows 10 , 64 bit Build 19041 (10.0.19041.292)
Time: Sat Jul  4 00:33:20 2020 GTB Daylight Time elapsed time: 2 seconds (0d 0h 0m 2s)

---------------  T H R E A D  ---------------

Current thread (0x000002362d072000):  VMThread "VM Thread" [stack: 0x000000b752200000,0x000000b752300000] [id=2112]

Stack: [0x000000b752200000,0x000000b752300000]
[error occurred during error reporting (printing stack bounds), id 0xc0000005, EXCEPTION_ACCESS_VIOLATION (0xc0000005) at pc=0x0000023616040bad]

Native frames: (J=compiled Java code, j=interpreted, Vv=VM code, C=native code)
V  [jvm.dll+0x5db31a]
V  [jvm.dll+0x70c395]
V  [jvm.dll+0x70d8b8]
V  [jvm.dll+0x70dee5]
V  [jvm.dll+0x70de9b]
V  [jvm.dll+0x5daa98]
V  [jvm.dll+0x5daf08]
C  [ntdll.dll+0xa00ef]
C  [ntdll.dll+0x4b474]
C  [ntdll.dll+0x9ec1e]
C  0x0000023616040bad

VM_Operation (0x000000b751cfb130): G1CollectForAllocation, mode: safepoint, requested by thread 0x0000023612124000


---------------  P R O C E S S  ---------------

Threads class SMR info:
_java_thread_list=0x000002362f656730, length=15, elements={
0x0000023612124000, 0x000002362d078800, 0x000002362d079800, 0x000002362d08c800,
0x000002362d08f800, 0x000002362d094800, 0x000002362d0a9000, 0x000002362d0ac000,
0x000002362dad6800, 0x000002362dadd800, 0x000002362dcad800, 0x000002362df30800,
0x00000236304ae800, 0x00000236304a9000, 0x00000236304af800
}

Java Threads: ( => current thread )
  0x0000023612124000 JavaThread "main" [_thread_blocked, id=12844, stack(0x000000b751c00000,0x000000b751d00000)]
  0x000002362d078800 JavaThread "Reference Handler" daemon [_thread_blocked, id=11600, stack(0x000000b752300000,0x000000b752400000)]
  0x000002362d079800 JavaThread "Finalizer" daemon [_thread_blocked, id=16844, stack(0x000000b752400000,0x000000b752500000)]
  0x000002362d08c800 JavaThread "Signal Dispatcher" daemon [_thread_blocked, id=11188, stack(0x000000b752500000,0x000000b752600000)]
  0x000002362d08f800 JavaThread "Attach Listener" daemon [_thread_blocked, id=16112, stack(0x000000b752600000,0x000000b752700000)]
  0x000002362d094800 JavaThread "C2 CompilerThread0" daemon [_thread_in_native, id=9648, stack(0x000000b752700000,0x000000b752800000)]
  0x000002362d0a9000 JavaThread "C1 CompilerThread0" daemon [_thread_blocked, id=17200, stack(0x000000b752800000,0x000000b752900000)]
  0x000002362d0ac000 JavaThread "Sweeper thread" daemon [_thread_blocked, id=13712, stack(0x000000b752900000,0x000000b752a00000)]
  0x000002362dad6800 JavaThread "Common-Cleaner" daemon [_thread_blocked, id=10936, stack(0x000000b752a00000,0x000000b752b00000)]
  0x000002362dadd800 JavaThread "C2 CompilerThread1" daemon [_thread_in_native, id=10532, stack(0x000000b752b00000,0x000000b752c00000)]
  0x000002362dcad800 JavaThread "Monitor Ctrl-Break" daemon [_thread_in_native, id=13176, stack(0x000000b752c00000,0x000000b752d00000)]
  0x000002362df30800 JavaThread "Service Thread" daemon [_thread_blocked, id=16368, stack(0x000000b752d00000,0x000000b752e00000)]
  0x00000236304ae800 JavaThread "Catalina-utility-1" [_thread_blocked, id=15872, stack(0x000000b753300000,0x000000b753400000)]
  0x00000236304a9000 JavaThread "Catalina-utility-2" [_thread_blocked, id=12340, stack(0x000000b753400000,0x000000b753500000)]
  0x00000236304af800 JavaThread "container-0" [_thread_blocked, id=12224, stack(0x000000b753500000,0x000000b753600000)]

Other Threads:
=>0x000002362d072000 VMThread "VM Thread" [stack: 0x000000b752200000,0x000000b752300000] [id=2112]
  0x000002362ddfb000 WatcherThread [stack: 0x000000b752e00000,0x000000b752f00000] [id=9296]
  0x000002361213c000 GCTaskThread "GC Thread#0" [stack: 0x000000b751d00000,0x000000b751e00000] [id=1112]
  0x000002362e8fb000 GCTaskThread "GC Thread#1" [stack: 0x000000b753000000,0x000000b753100000] [id=17528]
  0x000002362e57a800 GCTaskThread "GC Thread#2" [stack: 0x000000b753100000,0x000000b753200000] [id=13912]
  0x000002362e57b000 GCTaskThread "GC Thread#3" [stack: 0x000000b753200000,0x000000b753300000] [id=10184]
  0x000002363088a800 GCTaskThread "GC Thread#4" [stack: 0x000000b753600000,0x000000b753700000] [id=10208]
  0x0000023630a97800 GCTaskThread "GC Thread#5" [stack: 0x000000b753700000,0x000000b753800000] [id=16796]
  0x0000023631afd000 GCTaskThread "GC Thread#6" [stack: 0x000000b753800000,0x000000b753900000] [id=16596]
  0x000002362f48d800 GCTaskThread "GC Thread#7" [stack: 0x000000b753900000,0x000000b753a00000] [id=19388]
  0x000002361216f000 ConcurrentGCThread "G1 Main Marker" [stack: 0x000000b751e00000,0x000000b751f00000] [id=18864]
  0x0000023612170800 ConcurrentGCThread "G1 Conc#0" [stack: 0x000000b751f00000,0x000000b752000000] [id=10140]
  0x000002362f14c000 ConcurrentGCThread "G1 Conc#1" [stack: 0x000000b752f00000,0x000000b753000000] [id=17512]
  0x000002362cf06800 ConcurrentGCThread "G1 Refine#0" [stack: 0x000000b752000000,0x000000b752100000] [id=6964]
  0x000002362cf07800 ConcurrentGCThread "G1 Young RemSet Sampling" [stack: 0x000000b752100000,0x000000b752200000] [id=16044]

Threads with active compile tasks:
C2 CompilerThread03180   !   4       java.net.URL::<init> (543 bytes)
C1 CompilerThread03245       3       org.springframework.boot.context.properties.source.SpringIterableConfigurationPropertySource::containsDescendantOf (102 bytes)
C2 CompilerThread13179       4       java.net.URLStreamHandler::parseURL (1201 bytes)

VM state:at safepoint (normal execution)

VM Mutex/Monitor currently owned by a thread:  ([mutex/lock_event])
[0x00000236121209e0] Threads_lock - owner thread: 0x000002362d072000
[0x0000023612121520] Heap_lock - owner thread: 0x0000023612124000

Heap address: 0x0000000081e00000, size: 2018 MB, Compressed Oops mode: 32-bit
Narrow klass base: 0x0000000800000000, Narrow klass shift: 3
Compressed class space size: 1073741824 Address: 0x0000000840000000

Heap:
 garbage-first heap   total 157696K, used 13755K [0x0000000081e00000, 0x0000000100000000)
  region size 1024K, 8 young (8192K), 8 survivors (8192K)
 Metaspace       used 25950K, capacity 26852K, committed 27004K, reserved 1073152K
  class space    used 3225K, capacity 3603K, committed 3708K, reserved 1048576K
Heap Regions: E=young(eden), S=young(survivor), O=old, HS=humongous(starts), HC=humongous(continues), CS=collection set, F=free, A=archive, TAMS=top-at-mark-start (previous, next)
|   0|0x0000000081e00000, 0x0000000081f00000, 0x0000000081f00000|100%|HS|  |TAMS 0x0000000081f00000, 0x0000000081e00000| Complete 
|   1|0x0000000081f00000, 0x0000000082000000, 0x0000000082000000|100%| O|  |TAMS 0x0000000082000000, 0x0000000081f00000| Untracked 
|   2|0x0000000082000000, 0x0000000082100000, 0x0000000082100000|100%| O|  |TAMS 0x0000000082100000, 0x0000000082000000| Untracked 
|   3|0x0000000082100000, 0x0000000082200000, 0x0000000082200000|100%| O|  |TAMS 0x0000000082200000, 0x0000000082100000| Untracked 
|   4|0x0000000082200000, 0x0000000082300000, 0x0000000082300000|100%| O|  |TAMS 0x0000000082300000, 0x0000000082200000| Untracked 
|   5|0x0000000082300000, 0x0000000082400000, 0x0000000082400000|100%| O|  |TAMS 0x0000000082400000, 0x0000000082300000| Untracked 
|   6|0x0000000082400000, 0x0000000082454200, 0x0000000082500000| 32%| O|  |TAMS 0x0000000082454200, 0x0000000082400000| Untracked 
|   7|0x0000000082500000, 0x0000000082500000, 0x0000000082600000|  0%| F|  |TAMS 0x0000000082500000, 0x0000000082500000| Untracked 
|   8|0x0000000082600000, 0x0000000082600000, 0x0000000082700000|  0%| F|  |TAMS 0x0000000082600000, 0x0000000082600000| Untracked 
|   9|0x0000000082700000, 0x0000000082700000, 0x0000000082800000|  0%| F|  |TAMS 0x0000000082700000, 0x0000000082700000| Untracked 
|  10|0x0000000082800000, 0x0000000082800000, 0x0000000082900000|  0%| F|  |TAMS 0x0000000082800000, 0x0000000082800000| Untracked 
|  11|0x0000000082900000, 0x0000000082900000, 0x0000000082a00000|  0%| F|  |TAMS 0x0000000082900000, 0x0000000082900000| Untracked 
|  12|0x0000000082a00000, 0x0000000082a00000, 0x0000000082b00000|  0%| F|  |TAMS 0x0000000082a00000, 0x0000000082a00000| Untracked 
|  13|0x0000000082b00000, 0x0000000082b00000, 0x0000000082c00000|  0%| F|  |TAMS 0x0000000082b00000, 0x0000000082b00000| Untracked 
|  14|0x0000000082c00000, 0x0000000082c00000, 0x0000000082d00000|  0%| F|  |TAMS 0x0000000082c00000, 0x0000000082c00000| Untracked 
|  15|0x0000000082d00000, 0x0000000082d00000, 0x0000000082e00000|  0%| F|  |TAMS 0x0000000082d00000, 0x0000000082d00000| Untracked 
|  16|0x0000000082e00000, 0x0000000082e00000, 0x0000000082f00000|  0%| F|  |TAMS 0x0000000082e00000, 0x0000000082e00000| Untracked 
|  17|0x0000000082f00000, 0x0000000082f00000, 0x0000000083000000|  0%| F|  |TAMS 0x0000000082f00000, 0x0000000082f00000| Untracked 
|  18|0x0000000083000000, 0x0000000083000000, 0x0000000083100000|  0%| F|  |TAMS 0x0000000083000000, 0x0000000083000000| Untracked 
|  19|0x0000000083100000, 0x0000000083100000, 0x0000000083200000|  0%| F|  |TAMS 0x0000000083100000, 0x0000000083100000| Untracked 
|  20|0x0000000083200000, 0x0000000083200000, 0x0000000083300000|  0%| F|  |TAMS 0x0000000083200000, 0x0000000083200000| Untracked 
|  21|0x0000000083300000, 0x0000000083300000, 0x0000000083400000|  0%| F|  |TAMS 0x0000000083300000, 0x0000000083300000| Untracked 
|  22|0x0000000083400000, 0x0000000083400000, 0x0000000083500000|  0%| F|  |TAMS 0x0000000083400000, 0x0000000083400000| Untracked 
|  23|0x0000000083500000, 0x0000000083500000, 0x0000000083600000|  0%| F|  |TAMS 0x0000000083500000, 0x0000000083500000| Untracked 
|  24|0x0000000083600000, 0x0000000083600000, 0x0000000083700000|  0%| F|  |TAMS 0x0000000083600000, 0x0000000083600000| Untracked 
|  25|0x0000000083700000, 0x0000000083700000, 0x0000000083800000|  0%| F|  |TAMS 0x0000000083700000, 0x0000000083700000| Untracked 
|  26|0x0000000083800000, 0x0000000083800000, 0x0000000083900000|  0%| F|  |TAMS 0x0000000083800000, 0x0000000083800000| Untracked 
|  27|0x0000000083900000, 0x0000000083900000, 0x0000000083a00000|  0%| F|  |TAMS 0x0000000083900000, 0x0000000083900000| Untracked 
|  28|0x0000000083a00000, 0x0000000083a00000, 0x0000000083b00000|  0%| F|  |TAMS 0x0000000083a00000, 0x0000000083a00000| Untracked 
|  29|0x0000000083b00000, 0x0000000083b00000, 0x0000000083c00000|  0%| F|  |TAMS 0x0000000083b00000, 0x0000000083b00000| Untracked 
|  30|0x0000000083c00000, 0x0000000083c00000, 0x0000000083d00000|  0%| F|  |TAMS 0x0000000083c00000, 0x0000000083c00000| Untracked 
|  31|0x0000000083d00000, 0x0000000083d00000, 0x0000000083e00000|  0%| F|  |TAMS 0x0000000083d00000, 0x0000000083d00000| Untracked 
|  32|0x0000000083e00000, 0x0000000083e00000, 0x0000000083f00000|  0%| F|  |TAMS 0x0000000083e00000, 0x0000000083e00000| Untracked 
|  33|0x0000000083f00000, 0x0000000083f00000, 0x0000000084000000|  0%| F|  |TAMS 0x0000000083f00000, 0x0000000083f00000| Untracked 
|  34|0x0000000084000000, 0x0000000084000000, 0x0000000084100000|  0%| F|  |TAMS 0x0000000084000000, 0x0000000084000000| Untracked 
|  35|0x0000000084100000, 0x0000000084100000, 0x0000000084200000|  0%| F|  |TAMS 0x0000000084100000, 0x0000000084100000| Untracked 
|  36|0x0000000084200000, 0x0000000084200000, 0x0000000084300000|  0%| F|  |TAMS 0x0000000084200000, 0x0000000084200000| Untracked 
|  37|0x0000000084300000, 0x0000000084300000, 0x0000000084400000|  0%| F|  |TAMS 0x0000000084300000, 0x0000000084300000| Untracked 
|  38|0x0000000084400000, 0x0000000084400000, 0x0000000084500000|  0%| F|  |TAMS 0x0000000084400000, 0x0000000084400000| Untracked 
|  39|0x0000000084500000, 0x0000000084500000, 0x0000000084600000|  0%| F|  |TAMS 0x0000000084500000, 0x0000000084500000| Untracked 
|  40|0x0000000084600000, 0x0000000084600000, 0x0000000084700000|  0%| F|  |TAMS 0x0000000084600000, 0x0000000084600000| Untracked 
|  41|0x0000000084700000, 0x0000000084700000, 0x0000000084800000|  0%| F|  |TAMS 0x0000000084700000, 0x0000000084700000| Untracked 
|  42|0x0000000084800000, 0x0000000084800000, 0x0000000084900000|  0%| F|  |TAMS 0x0000000084800000, 0x0000000084800000| Untracked 
|  43|0x0000000084900000, 0x0000000084900000, 0x0000000084a00000|  0%| F|  |TAMS 0x0000000084900000, 0x0000000084900000| Untracked 
|  44|0x0000000084a00000, 0x0000000084a1ad88, 0x0000000084b00000| 10%| S|CS|TAMS 0x0000000084a00000, 0x0000000084a00000| Complete 
|  45|0x0000000084b00000, 0x0000000084c00000, 0x0000000084c00000|100%| S|CS|TAMS 0x0000000084b00000, 0x0000000084b00000| Complete 
|  46|0x0000000084c00000, 0x0000000084d00000, 0x0000000084d00000|100%| S|CS|TAMS 0x0000000084c00000, 0x0000000084c00000| Complete 
|  47|0x0000000084d00000, 0x0000000084e00000, 0x0000000084e00000|100%| S|CS|TAMS 0x0000000084d00000, 0x0000000084d00000| Complete 
|  48|0x0000000084e00000, 0x0000000084f00000, 0x0000000084f00000|100%| S|CS|TAMS 0x0000000084e00000, 0x0000000084e00000| Complete 
|  49|0x0000000084f00000, 0x0000000085000000, 0x0000000085000000|100%| S|CS|TAMS 0x0000000084f00000, 0x0000000084f00000| Complete 
|  50|0x0000000085000000, 0x0000000085100000, 0x0000000085100000|100%| S|CS|TAMS 0x0000000085000000, 0x0000000085000000| Complete 
|  51|0x0000000085100000, 0x0000000085200000, 0x0000000085200000|100%| S|CS|TAMS 0x0000000085100000, 0x0000000085100000| Complete 
|  52|0x0000000085200000, 0x0000000085200000, 0x0000000085300000|  0%| F|  |TAMS 0x0000000085200000, 0x0000000085200000| Untracked 
|  53|0x0000000085300000, 0x0000000085300000, 0x0000000085400000|  0%| F|  |TAMS 0x0000000085300000, 0x0000000085300000| Untracked 
|  54|0x0000000085400000, 0x0000000085400000, 0x0000000085500000|  0%| F|  |TAMS 0x0000000085400000, 0x0000000085400000| Untracked 
|  55|0x0000000085500000, 0x0000000085500000, 0x0000000085600000|  0%| F|  |TAMS 0x0000000085500000, 0x0000000085500000| Untracked 
|  56|0x0000000085600000, 0x0000000085600000, 0x0000000085700000|  0%| F|  |TAMS 0x0000000085600000, 0x0000000085600000| Untracked 
|  57|0x0000000085700000, 0x0000000085700000, 0x0000000085800000|  0%| F|  |TAMS 0x0000000085700000, 0x0000000085700000| Untracked 
|  58|0x0000000085800000, 0x0000000085800000, 0x0000000085900000|  0%| F|  |TAMS 0x0000000085800000, 0x0000000085800000| Untracked 
|  59|0x0000000085900000, 0x0000000085900000, 0x0000000085a00000|  0%| F|  |TAMS 0x0000000085900000, 0x0000000085900000| Untracked 
|  60|0x0000000085a00000, 0x0000000085a00000, 0x0000000085b00000|  0%| F|  |TAMS 0x0000000085a00000, 0x0000000085a00000| Untracked 
|  61|0x0000000085b00000, 0x0000000085b00000, 0x0000000085c00000|  0%| F|  |TAMS 0x0000000085b00000, 0x0000000085b00000| Untracked 
|  62|0x0000000085c00000, 0x0000000085c00000, 0x0000000085d00000|  0%| F|  |TAMS 0x0000000085c00000, 0x0000000085c00000| Untracked 
|  63|0x0000000085d00000, 0x0000000085d00000, 0x0000000085e00000|  0%| F|  |TAMS 0x0000000085d00000, 0x0000000085d00000| Untracked 
|  64|0x0000000085e00000, 0x0000000085e00000, 0x0000000085f00000|  0%| F|  |TAMS 0x0000000085e00000, 0x0000000085e00000| Untracked 
|  65|0x0000000085f00000, 0x0000000085f00000, 0x0000000086000000|  0%| F|  |TAMS 0x0000000085f00000, 0x0000000085f00000| Untracked 
|  66|0x0000000086000000, 0x0000000086000000, 0x0000000086100000|  0%| F|  |TAMS 0x0000000086000000, 0x0000000086000000| Untracked 
|  67|0x0000000086100000, 0x0000000086100000, 0x0000000086200000|  0%| F|  |TAMS 0x0000000086100000, 0x0000000086100000| Untracked 
|  68|0x0000000086200000, 0x0000000086200000, 0x0000000086300000|  0%| F|  |TAMS 0x0000000086200000, 0x0000000086200000| Untracked 
|  69|0x0000000086300000, 0x0000000086300000, 0x0000000086400000|  0%| F|  |TAMS 0x0000000086300000, 0x0000000086300000| Untracked 
|  70|0x0000000086400000, 0x0000000086400000, 0x0000000086500000|  0%| F|  |TAMS 0x0000000086400000, 0x0000000086400000| Untracked 
|  71|0x0000000086500000, 0x0000000086500000, 0x0000000086600000|  0%| F|  |TAMS 0x0000000086500000, 0x0000000086500000| Untracked 
|  72|0x0000000086600000, 0x0000000086600000, 0x0000000086700000|  0%| F|  |TAMS 0x0000000086600000, 0x0000000086600000| Untracked 
|  73|0x0000000086700000, 0x0000000086700000, 0x0000000086800000|  0%| F|  |TAMS 0x0000000086700000, 0x0000000086700000| Untracked 
|  74|0x0000000086800000, 0x0000000086800000, 0x0000000086900000|  0%| F|  |TAMS 0x0000000086800000, 0x0000000086800000| Untracked 
|  75|0x0000000086900000, 0x0000000086900000, 0x0000000086a00000|  0%| F|  |TAMS 0x0000000086900000, 0x0000000086900000| Untracked 
|  76|0x0000000086a00000, 0x0000000086a00000, 0x0000000086b00000|  0%| F|  |TAMS 0x0000000086a00000, 0x0000000086a00000| Untracked 
|  77|0x0000000086b00000, 0x0000000086b00000, 0x0000000086c00000|  0%| F|  |TAMS 0x0000000086b00000, 0x0000000086b00000| Untracked 
|  78|0x0000000086c00000, 0x0000000086c00000, 0x0000000086d00000|  0%| F|  |TAMS 0x0000000086c00000, 0x0000000086c00000| Untracked 
|  79|0x0000000086d00000, 0x0000000086d00000, 0x0000000086e00000|  0%| F|  |TAMS 0x0000000086d00000, 0x0000000086d00000| Untracked 
|  80|0x0000000086e00000, 0x0000000086e00000, 0x0000000086f00000|  0%| F|  |TAMS 0x0000000086e00000, 0x0000000086e00000| Untracked 
|  81|0x0000000086f00000, 0x0000000086f00000, 0x0000000087000000|  0%| F|  |TAMS 0x0000000086f00000, 0x0000000086f00000| Untracked 
|  82|0x0000000087000000, 0x0000000087000000, 0x0000000087100000|  0%| F|  |TAMS 0x0000000087000000, 0x0000000087000000| Untracked 
|  83|0x0000000087100000, 0x0000000087100000, 0x0000000087200000|  0%| F|  |TAMS 0x0000000087100000, 0x0000000087100000| Untracked 
|  84|0x0000000087200000, 0x0000000087200000, 0x0000000087300000|  0%| F|  |TAMS 0x0000000087200000, 0x0000000087200000| Untracked 
|  85|0x0000000087300000, 0x0000000087300000, 0x0000000087400000|  0%| F|  |TAMS 0x0000000087300000, 0x0000000087300000| Untracked 
|  86|0x0000000087400000, 0x0000000087400000, 0x0000000087500000|  0%| F|  |TAMS 0x0000000087400000, 0x0000000087400000| Untracked 
|  87|0x0000000087500000, 0x0000000087500000, 0x0000000087600000|  0%| F|  |TAMS 0x0000000087500000, 0x0000000087500000| Untracked 
|  88|0x0000000087600000, 0x0000000087600000, 0x0000000087700000|  0%| F|  |TAMS 0x0000000087600000, 0x0000000087600000| Untracked 
|  89|0x0000000087700000, 0x0000000087700000, 0x0000000087800000|  0%| F|  |TAMS 0x0000000087700000, 0x0000000087700000| Untracked 
|  90|0x0000000087800000, 0x0000000087800000, 0x0000000087900000|  0%| F|  |TAMS 0x0000000087800000, 0x0000000087800000| Untracked 
|  91|0x0000000087900000, 0x0000000087900000, 0x0000000087a00000|  0%| F|  |TAMS 0x0000000087900000, 0x0000000087900000| Untracked 
|  92|0x0000000087a00000, 0x0000000087a00000, 0x0000000087b00000|  0%| F|  |TAMS 0x0000000087a00000, 0x0000000087a00000| Untracked 
|  93|0x0000000087b00000, 0x0000000087b00000, 0x0000000087c00000|  0%| F|  |TAMS 0x0000000087b00000, 0x0000000087b00000| Untracked 
|  94|0x0000000087c00000, 0x0000000087c00000, 0x0000000087d00000|  0%| F|  |TAMS 0x0000000087c00000, 0x0000000087c00000| Untracked 
|  95|0x0000000087d00000, 0x0000000087d00000, 0x0000000087e00000|  0%| F|  |TAMS 0x0000000087d00000, 0x0000000087d00000| Untracked 
|  96|0x0000000087e00000, 0x0000000087e00000, 0x0000000087f00000|  0%| F|  |TAMS 0x0000000087e00000, 0x0000000087e00000| Untracked 
|  97|0x0000000087f00000, 0x0000000087f00000, 0x0000000088000000|  0%| F|  |TAMS 0x0000000087f00000, 0x0000000087f00000| Untracked 
|  98|0x0000000088000000, 0x0000000088000000, 0x0000000088100000|  0%| F|  |TAMS 0x0000000088000000, 0x0000000088000000| Untracked 
|  99|0x0000000088100000, 0x0000000088100000, 0x0000000088200000|  0%| F|  |TAMS 0x0000000088100000, 0x0000000088100000| Untracked 
| 100|0x0000000088200000, 0x0000000088200000, 0x0000000088300000|  0%| F|  |TAMS 0x0000000088200000, 0x0000000088200000| Untracked 
| 101|0x0000000088300000, 0x0000000088300000, 0x0000000088400000|  0%| F|  |TAMS 0x0000000088300000, 0x0000000088300000| Untracked 
| 102|0x0000000088400000, 0x0000000088400000, 0x0000000088500000|  0%| F|  |TAMS 0x0000000088400000, 0x0000000088400000| Untracked 
| 103|0x0000000088500000, 0x0000000088500000, 0x0000000088600000|  0%| F|  |TAMS 0x0000000088500000, 0x0000000088500000| Untracked 
| 104|0x0000000088600000, 0x0000000088600000, 0x0000000088700000|  0%| F|  |TAMS 0x0000000088600000, 0x0000000088600000| Untracked 
| 105|0x0000000088700000, 0x0000000088700000, 0x0000000088800000|  0%| F|  |TAMS 0x0000000088700000, 0x0000000088700000| Untracked 
| 106|0x0000000088800000, 0x0000000088800000, 0x0000000088900000|  0%| F|  |TAMS 0x0000000088800000, 0x0000000088800000| Untracked 
| 107|0x0000000088900000, 0x0000000088900000, 0x0000000088a00000|  0%| F|  |TAMS 0x0000000088900000, 0x0000000088900000| Untracked 
| 108|0x0000000088a00000, 0x0000000088a00000, 0x0000000088b00000|  0%| F|  |TAMS 0x0000000088a00000, 0x0000000088a00000| Untracked 
| 109|0x0000000088b00000, 0x0000000088b00000, 0x0000000088c00000|  0%| F|  |TAMS 0x0000000088b00000, 0x0000000088b00000| Untracked 
| 110|0x0000000088c00000, 0x0000000088c00000, 0x0000000088d00000|  0%| F|  |TAMS 0x0000000088c00000, 0x0000000088c00000| Untracked 
| 111|0x0000000088d00000, 0x0000000088d00000, 0x0000000088e00000|  0%| F|  |TAMS 0x0000000088d00000, 0x0000000088d00000| Untracked 
| 112|0x0000000088e00000, 0x0000000088e00000, 0x0000000088f00000|  0%| F|  |TAMS 0x0000000088e00000, 0x0000000088e00000| Untracked 
| 113|0x0000000088f00000, 0x0000000088f00000, 0x0000000089000000|  0%| F|  |TAMS 0x0000000088f00000, 0x0000000088f00000| Untracked 
| 114|0x0000000089000000, 0x0000000089000000, 0x0000000089100000|  0%| F|  |TAMS 0x0000000089000000, 0x0000000089000000| Untracked 
| 115|0x0000000089100000, 0x0000000089100000, 0x0000000089200000|  0%| F|  |TAMS 0x0000000089100000, 0x0000000089100000| Untracked 
| 116|0x0000000089200000, 0x0000000089200000, 0x0000000089300000|  0%| F|  |TAMS 0x0000000089200000, 0x0000000089200000| Untracked 
| 117|0x0000000089300000, 0x0000000089300000, 0x0000000089400000|  0%| F|  |TAMS 0x0000000089300000, 0x0000000089300000| Untracked 
| 118|0x0000000089400000, 0x0000000089400000, 0x0000000089500000|  0%| F|  |TAMS 0x0000000089400000, 0x0000000089400000| Untracked 
| 119|0x0000000089500000, 0x0000000089500000, 0x0000000089600000|  0%| F|  |TAMS 0x0000000089500000, 0x0000000089500000| Untracked 
| 120|0x0000000089600000, 0x0000000089600000, 0x0000000089700000|  0%| F|  |TAMS 0x0000000089600000, 0x0000000089600000| Untracked 
| 121|0x0000000089700000, 0x0000000089700000, 0x0000000089800000|  0%| F|  |TAMS 0x0000000089700000, 0x0000000089700000| Untracked 
| 122|0x0000000089800000, 0x0000000089800000, 0x0000000089900000|  0%| F|  |TAMS 0x0000000089800000, 0x0000000089800000| Untracked 
| 123|0x0000000089900000, 0x0000000089900000, 0x0000000089a00000|  0%| F|  |TAMS 0x0000000089900000, 0x0000000089900000| Untracked 
| 124|0x0000000089a00000, 0x0000000089a00000, 0x0000000089b00000|  0%| F|  |TAMS 0x0000000089a00000, 0x0000000089a00000| Untracked 
| 125|0x0000000089b00000, 0x0000000089b00000, 0x0000000089c00000|  0%| F|  |TAMS 0x0000000089b00000, 0x0000000089b00000| Untracked 
| 126|0x0000000089c00000, 0x0000000089c00000, 0x0000000089d00000|  0%| F|  |TAMS 0x0000000089c00000, 0x0000000089c00000| Untracked 
| 127|0x0000000089d00000, 0x0000000089d00000, 0x0000000089e00000|  0%| F|  |TAMS 0x0000000089d00000, 0x0000000089d00000| Untracked 

Card table byte_map: [0x0000023625eb0000,0x00000236262b0000] _byte_map_base: 0x0000023625aa1000

Marking Bits (Prev, Next): (CMBitMap*) 0x0000023612166690, (CMBitMap*) 0x0000023612166658
 Prev Bits: [0x0000023628640000, 0x000002362a5c8000)
 Next Bits: [0x00000236266b0000, 0x0000023628638000)

Polling page: 0x0000023612200000

Metaspace:

Usage:
  Non-class:     22.70 MB capacity,    22.19 MB ( 98%) used,   427.39 KB (  2%) free+waste,    96.31 KB ( <1%) overhead. 
      Class:      3.52 MB capacity,     3.15 MB ( 90%) used,   330.08 KB (  9%) free+waste,    47.44 KB (  1%) overhead. 
       Both:     26.22 MB capacity,    25.34 MB ( 97%) used,   757.47 KB (  3%) free+waste,   143.75 KB ( <1%) overhead. 

Virtual space:
  Non-class space:       24.00 MB reserved,      22.75 MB ( 95%) committed 
      Class space:        1.00 GB reserved,       3.62 MB ( <1%) committed 
             Both:        1.02 GB reserved,      26.37 MB (  3%) committed 

Chunk freelists:
   Non-Class:  47.00 KB
       Class:  13.00 KB
        Both:  60.00 KB

CodeHeap 'non-profiled nmethods': size=120000Kb used=1572Kb max_used=1572Kb free=118427Kb
 bounds [0x000002361db10000, 0x000002361dd80000, 0x0000023625040000]
CodeHeap 'profiled nmethods': size=120000Kb used=7306Kb max_used=7306Kb free=112693Kb
 bounds [0x00000236165e0000, 0x0000023616d10000, 0x000002361db10000]
CodeHeap 'non-nmethods': size=5760Kb used=1161Kb max_used=1205Kb free=4598Kb
 bounds [0x0000023616040000, 0x00000236162b0000, 0x00000236165e0000]
 total_blobs=4474 nmethods=3194 adapters=399
 compilation: enabled
              stopped_count=0, restarted_count=0
 full_count=0

Compilation events (10 events):
Event: 2.659 Thread 0x000002362d0a9000 nmethod 3239 0x0000023616cfcc90 code [0x0000023616cfcee0, 0x0000023616cfd610]
Event: 2.659 Thread 0x000002362d0a9000 3240       3       java.util.concurrent.ConcurrentHashMap::<init> (9 bytes)
Event: 2.659 Thread 0x000002362d0a9000 nmethod 3240 0x0000023616cfd910 code [0x0000023616cfdb00, 0x0000023616cfdcd0]
Event: 2.659 Thread 0x000002362d0a9000 3241       3       java.util.concurrent.ConcurrentHashMap::keySet (26 bytes)
Event: 2.660 Thread 0x000002362d0a9000 nmethod 3241 0x0000023616cfdd90 code [0x0000023616cfdf60, 0x0000023616cfe378]
Event: 2.660 Thread 0x000002362d0a9000 3242   !   3       org.springframework.boot.context.properties.source.SpringIterableConfigurationPropertySource$Mappings::updateMappings (46 bytes)
Event: 2.660 Thread 0x000002362d0a9000 nmethod 3242 0x0000023616cfe490 code [0x0000023616cfe680, 0x0000023616cfeba0]
Event: 2.660 Thread 0x000002362d0a9000 3244       3       org.springframework.boot.context.properties.source.SpringIterableConfigurationPropertySource$Mappings::updateMappings (261 bytes)
Event: 2.661 Thread 0x000002362d0a9000 nmethod 3244 0x0000023616cfed90 code [0x0000023616cff280, 0x0000023616d01fd0]
Event: 2.661 Thread 0x000002362d0a9000 3245       3       org.springframework.boot.context.properties.source.SpringIterableConfigurationPropertySource::containsDescendantOf (102 bytes)

GC Heap History (9 events):
Event: 0.528 GC heap before
{Heap before GC invocations=0 (full 0):
 garbage-first heap   total 131072K, used 24576K [0x0000000081e00000, 0x0000000100000000)
  region size 1024K, 24 young (24576K), 0 survivors (0K)
 Metaspace       used 4601K, capacity 6759K, committed 6912K, reserved 1056768K
  class space    used 522K, capacity 748K, committed 768K, reserved 1048576K
}
Event: 0.533 GC heap after
{Heap after GC invocations=1 (full 0):
 garbage-first heap   total 131072K, used 6513K [0x0000000081e00000, 0x0000000100000000)
  region size 1024K, 3 young (3072K), 3 survivors (3072K)
 Metaspace       used 4601K, capacity 6759K, committed 6912K, reserved 1056768K
  class space    used 522K, capacity 748K, committed 768K, reserved 1048576K
}
Event: 1.131 GC heap before
{Heap before GC invocations=1 (full 0):
 garbage-first heap   total 131072K, used 80241K [0x0000000081e00000, 0x0000000100000000)
  region size 1024K, 76 young (77824K), 3 survivors (3072K)
 Metaspace       used 14999K, capacity 15550K, committed 15744K, reserved 1062912K
  class space    used 1860K, capacity 2081K, committed 2176K, reserved 1048576K
}
Event: 1.139 GC heap after
{Heap after GC invocations=2 (full 0):
 garbage-first heap   total 131072K, used 9139K [0x0000000081e00000, 0x0000000100000000)
  region size 1024K, 6 young (6144K), 6 survivors (6144K)
 Metaspace       used 14999K, capacity 15550K, committed 15744K, reserved 1062912K
  class space    used 1860K, capacity 2081K, committed 2176K, reserved 1048576K
}
Event: 1.486 GC heap before
{Heap before GC invocations=2 (full 0):
 garbage-first heap   total 131072K, used 79795K [0x0000000081e00000, 0x0000000100000000)
  region size 1024K, 76 young (77824K), 6 survivors (6144K)
 Metaspace       used 16601K, capacity 17255K, committed 17408K, reserved 1064960K
  class space    used 2011K, capacity 2254K, committed 2304K, reserved 1048576K
}
Event: 1.495 GC heap after
{Heap after GC invocations=3 (full 0):
 garbage-first heap   total 131072K, used 10306K [0x0000000081e00000, 0x0000000100000000)
  region size 1024K, 4 young (4096K), 4 survivors (4096K)
 Metaspace       used 16601K, capacity 17255K, committed 17408K, reserved 1064960K
  class space    used 2011K, capacity 2254K, committed 2304K, reserved 1048576K
}
Event: 2.002 GC heap before
{Heap before GC invocations=3 (full 0):
 garbage-first heap   total 131072K, used 47170K [0x0000000081e00000, 0x0000000100000000)
  region size 1024K, 41 young (41984K), 4 survivors (4096K)
 Metaspace       used 20576K, capacity 21204K, committed 21248K, reserved 1067008K
  class space    used 2517K, capacity 2789K, committed 2816K, reserved 1048576K
}
Event: 2.007 GC heap after
{Heap after GC invocations=4 (full 0):
 garbage-first heap   total 131072K, used 11280K [0x0000000081e00000, 0x0000000100000000)
  region size 1024K, 5 young (5120K), 5 survivors (5120K)
 Metaspace       used 20576K, capacity 21204K, committed 21248K, reserved 1067008K
  class space    used 2517K, capacity 2789K, committed 2816K, reserved 1048576K
}
Event: 2.661 GC heap before
{Heap before GC invocations=5 (full 0):
 garbage-first heap   total 131072K, used 82960K [0x0000000081e00000, 0x0000000100000000)
  region size 1024K, 76 young (77824K), 5 survivors (5120K)
 Metaspace       used 25950K, capacity 26852K, committed 27004K, reserved 1073152K
  class space    used 3225K, capacity 3603K, committed 3708K, reserved 1048576K
}

Deoptimization events (10 events):
Event: 2.621 Thread 0x0000023612124000 DEOPT PACKING pc=0x0000023616c62e30 sp=0x000000b751cfbfa0
Event: 2.621 Thread 0x0000023612124000 DEOPT UNPACKING pc=0x000002361606904e sp=0x000000b751cfb4b8 mode 0
Event: 2.633 Thread 0x0000023612124000 DEOPT PACKING pc=0x0000023616cbe011 sp=0x000000b751cfcd70
Event: 2.633 Thread 0x0000023612124000 DEOPT UNPACKING pc=0x000002361606904e sp=0x000000b751cfc250 mode 0
Event: 2.642 Thread 0x0000023612124000 DEOPT PACKING pc=0x0000023616cbe011 sp=0x000000b751cfce60
Event: 2.642 Thread 0x0000023612124000 DEOPT UNPACKING pc=0x000002361606904e sp=0x000000b751cfc340 mode 0
Event: 2.642 Thread 0x0000023612124000 DEOPT PACKING pc=0x0000023616cbe011 sp=0x000000b751cfce60
Event: 2.642 Thread 0x0000023612124000 DEOPT UNPACKING pc=0x000002361606904e sp=0x000000b751cfc340 mode 0
Event: 2.657 Thread 0x0000023612124000 DEOPT PACKING pc=0x0000023616c62e30 sp=0x000000b751cf9120
Event: 2.657 Thread 0x0000023612124000 DEOPT UNPACKING pc=0x000002361606904e sp=0x000000b751cf8638 mode 0

Classes redefined (0 events):
No events

Internal exceptions (10 events):
Event: 2.145 Thread 0x0000023612124000 Implicit null exception at 0x000002361dc2e89f to 0x000002361dc2ec8a
Event: 2.166 Thread 0x0000023612124000 Exception <a 'java/lang/NoSuchMethodError'{0x00000000893f6528}: 'void java.lang.invoke.DirectMethodHandle$Holder.invokeInterface(java.lang.Object, java.lang.Object, int)'> (0x00000000893f6528) thrown at [c:/BuildAgent/work/5ff2f6c26000d570/src/hotspot/sha
Event: 2.169 Thread 0x0000023612124000 Exception <a 'java/lang/IncompatibleClassChangeError'{0x0000000089241b60}: Found class java.lang.Object, but interface was expected> (0x0000000089241b60) thrown at [c:/BuildAgent/work/5ff2f6c26000d570/src/hotspot/share/interpreter/linkResolver.cpp, line 8
Event: 2.170 Thread 0x0000023612124000 Exception <a 'java/lang/NoSuchMethodError'{0x00000000892469e8}: 'void java.lang.invoke.DirectMethodHandle$Holder.invokeStatic(java.lang.Object, int, java.lang.Object)'> (0x00000000892469e8) thrown at [c:/BuildAgent/work/5ff2f6c26000d570/src/hotspot/share/
Event: 2.230 Thread 0x0000023612124000 Exception <a 'java/lang/NoSuchMethodError'{0x0000000088e907a0}: 'java.lang.Object java.lang.invoke.DirectMethodHandle$Holder.invokeStaticInit(java.lang.Object, int, int, int, int)'> (0x0000000088e907a0) thrown at [c:/BuildAgent/work/5ff2f6c26000d570/src/h
Event: 2.390 Thread 0x0000023612124000 Exception <a 'java/lang/NoSuchMethodError'{0x0000000088ec7cb0}: 'java.lang.Object java.lang.invoke.DirectMethodHandle$Holder.invokeStaticInit(java.lang.Object, java.lang.Object, int, int, int, int)'> (0x0000000088ec7cb0) thrown at [c:/BuildAgent/work/5ff2
Event: 2.524 Thread 0x0000023612124000 Implicit null exception at 0x000002361dbe5140 to 0x000002361dbe7f0a
Event: 2.586 Thread 0x0000023612124000 Exception <a 'java/io/FileNotFoundException'{0x00000000858f69c0}> (0x00000000858f69c0) thrown at [c:/BuildAgent/work/5ff2f6c26000d570/src/hotspot/share/prims/jni.cpp, line 615]
Event: 2.616 Thread 0x0000023612124000 Exception <a 'java/lang/NoSuchMethodError'{0x00000000856caf10}: 'int java.lang.invoke.DirectMethodHandle$Holder.invokeInterface(java.lang.Object, java.lang.Object, java.lang.Object, java.lang.Object)'> (0x00000000856caf10) thrown at [c:/BuildAgent/work/5f
Event: 2.646 Thread 0x0000023612124000 Exception <a 'java/io/FileNotFoundException'{0x0000000085323ad8}> (0x0000000085323ad8) thrown at [c:/BuildAgent/work/5ff2f6c26000d570/src/hotspot/share/prims/jni.cpp, line 615]

Events (10 events):
Event: 2.657 loading class org/springframework/boot/jdbc/EmbeddedDatabaseConnection done
Event: 2.657 loading class org/springframework/jdbc/core/ConnectionCallback
Event: 2.657 loading class org/springframework/jdbc/core/ConnectionCallback done
Event: 2.661 loading class org/h2/Driver
Event: 2.661 loading class org/h2/Driver done
Event: 2.661 loading class org/h2$Driver
Event: 2.661 loading class org/h2$Driver done
Event: 2.661 loading class org/apache/derby/jdbc/EmbeddedDriver
Event: 2.661 loading class org/apache/derby/jdbc/EmbeddedDriver done
Event: 2.661 Executing VM operation: G1CollectForAllocation


Dynamic libraries:
0x00007ff736170000 - 0x00007ff7361b7000 	D:\java\IntelliJ IDEA Community Edition 2019.2.3\jbr\bin\java.exe
0x00007ff9a26f0000 - 0x00007ff9a28e4000 	C:\WINDOWS\SYSTEM32\ntdll.dll
0x00007ff9a08f0000 - 0x00007ff9a09ad000 	C:\WINDOWS\System32\KERNEL32.DLL
0x00007ff9a03e0000 - 0x00007ff9a06a7000 	C:\WINDOWS\System32\KERNELBASE.dll
0x00007ff9a0a60000 - 0x00007ff9a0c00000 	C:\WINDOWS\System32\USER32.dll
0x00007ff9a01f0000 - 0x00007ff9a0212000 	C:\WINDOWS\System32\win32u.dll
0x00007ff9a2170000 - 0x00007ff9a219a000 	C:\WINDOWS\System32\GDI32.dll
0x00007ff9a0220000 - 0x00007ff9a032a000 	C:\WINDOWS\System32\gdi32full.dll
0x00007ff9a00a0000 - 0x00007ff9a013d000 	C:\WINDOWS\System32\msvcp_win.dll
0x00007ff99ffa0000 - 0x00007ff9a00a0000 	C:\WINDOWS\System32\ucrtbase.dll
0x00007ff9847d0000 - 0x00007ff984a6a000 	C:\WINDOWS\WinSxS\amd64_microsoft.windows.common-controls_6595b64144ccf1df_6.0.19041.1_none_b555e41d4684ddec\COMCTL32.dll
0x00007ff9a09b0000 - 0x00007ff9a0a4e000 	C:\WINDOWS\System32\msvcrt.dll
0x00007ff9a16d0000 - 0x00007ff9a1700000 	C:\WINDOWS\System32\IMM32.DLL
0x00007ff999810000 - 0x00007ff999827000 	D:\java\IntelliJ IDEA Community Edition 2019.2.3\jbr\bin\vcruntime140.dll
0x00007ff987250000 - 0x00007ff9872ed000 	D:\java\IntelliJ IDEA Community Edition 2019.2.3\jbr\bin\msvcp140.dll
0x00007ff9251e0000 - 0x00007ff925c98000 	D:\java\IntelliJ IDEA Community Edition 2019.2.3\jbr\bin\server\jvm.dll
0x00007ff9a1b80000 - 0x00007ff9a1c2a000 	C:\WINDOWS\System32\ADVAPI32.dll
0x00007ff9a15c0000 - 0x00007ff9a165b000 	C:\WINDOWS\System32\sechost.dll
0x00007ff9a1c30000 - 0x00007ff9a1d53000 	C:\WINDOWS\System32\RPCRT4.dll
0x00007ff9a1700000 - 0x00007ff9a1708000 	C:\WINDOWS\System32\PSAPI.DLL
0x00007ff99a300000 - 0x00007ff99a309000 	C:\WINDOWS\SYSTEM32\WSOCK32.dll
0x00007ff99a790000 - 0x00007ff99a79a000 	C:\WINDOWS\SYSTEM32\VERSION.dll
0x00007ff97d630000 - 0x00007ff97d657000 	C:\WINDOWS\SYSTEM32\WINMM.dll
0x00007ff9a1660000 - 0x00007ff9a16cb000 	C:\WINDOWS\System32\WS2_32.dll
0x00007ff99e7a0000 - 0x00007ff99e7b3000 	C:\WINDOWS\SYSTEM32\kernel.appcore.dll
0x00007ff998c30000 - 0x00007ff998c41000 	D:\java\IntelliJ IDEA Community Edition 2019.2.3\jbr\bin\verify.dll
0x00007ff99dcd0000 - 0x00007ff99deb4000 	C:\WINDOWS\SYSTEM32\DBGHELP.DLL
0x00007ff997700000 - 0x00007ff99772c000 	C:\WINDOWS\SYSTEM32\dbgcore.DLL
0x00007ff9a0330000 - 0x00007ff9a03af000 	C:\WINDOWS\System32\bcryptPrimitives.dll
0x00007ff998bc0000 - 0x00007ff998be9000 	D:\java\IntelliJ IDEA Community Edition 2019.2.3\jbr\bin\java.dll
0x00007ff99a5a0000 - 0x00007ff99a5d4000 	D:\java\IntelliJ IDEA Community Edition 2019.2.3\jbr\bin\instrument.dll
0x00007ff990910000 - 0x00007ff990927000 	D:\java\IntelliJ IDEA Community Edition 2019.2.3\jbr\bin\zip.dll
0x00007ff998e40000 - 0x00007ff998e4b000 	D:\java\IntelliJ IDEA Community Edition 2019.2.3\jbr\bin\jimage.dll
0x00007ff9a0e10000 - 0x00007ff9a1544000 	C:\WINDOWS\System32\SHELL32.dll
0x00007ff99dfb0000 - 0x00007ff99e73e000 	C:\WINDOWS\SYSTEM32\windows.storage.dll
0x00007ff9a22c0000 - 0x00007ff9a2613000 	C:\WINDOWS\System32\combase.dll
0x00007ff99f8c0000 - 0x00007ff99f8eb000 	C:\WINDOWS\SYSTEM32\Wldp.dll
0x00007ff9a1f90000 - 0x00007ff9a203e000 	C:\WINDOWS\System32\SHCORE.dll
0x00007ff9a0760000 - 0x00007ff9a07b5000 	C:\WINDOWS\System32\shlwapi.dll
0x00007ff99fd80000 - 0x00007ff99fd9f000 	C:\WINDOWS\SYSTEM32\profapi.dll
0x00007ff9907b0000 - 0x00007ff9907ca000 	D:\java\IntelliJ IDEA Community Edition 2019.2.3\jbr\bin\net.dll
0x00007ff986be0000 - 0x00007ff986dcd000 	C:\WINDOWS\SYSTEM32\urlmon.dll
0x00007ff991350000 - 0x00007ff991450000 	C:\WINDOWS\SYSTEM32\WINHTTP.dll
0x00007ff9868d0000 - 0x00007ff986b7e000 	C:\WINDOWS\SYSTEM32\iertutil.dll
0x00007ff99f640000 - 0x00007ff99f6aa000 	C:\WINDOWS\system32\mswsock.dll
0x00007ff990720000 - 0x00007ff990734000 	D:\java\IntelliJ IDEA Community Edition 2019.2.3\jbr\bin\nio.dll
0x00007ff99a650000 - 0x00007ff99a66a000 	D:\java\IntelliJ IDEA Community Edition 2019.2.3\bin\breakgen64.dll
0x00007ff998d70000 - 0x00007ff998d7a000 	D:\java\IntelliJ IDEA Community Edition 2019.2.3\jbr\bin\management.dll
0x00007ff998bb0000 - 0x00007ff998bbc000 	D:\java\IntelliJ IDEA Community Edition 2019.2.3\jbr\bin\management_ext.dll
0x00007ff96bae0000 - 0x00007ff96baf7000 	C:\WINDOWS\system32\napinsp.dll
0x00007ff96b370000 - 0x00007ff96b38b000 	C:\WINDOWS\system32\pnrpnsp.dll
0x00007ff99b0a0000 - 0x00007ff99b0b5000 	C:\WINDOWS\system32\wshbth.dll
0x00007ff998b20000 - 0x00007ff998b3d000 	C:\WINDOWS\system32\NLAapi.dll
0x00007ff99f2e0000 - 0x00007ff99f31b000 	C:\WINDOWS\SYSTEM32\IPHLPAPI.DLL
0x00007ff99f320000 - 0x00007ff99f3ea000 	C:\WINDOWS\SYSTEM32\DNSAPI.dll
0x00007ff9a0a50000 - 0x00007ff9a0a59000 	C:\WINDOWS\System32\NSI.dll
0x00007ff96b330000 - 0x00007ff96b342000 	C:\WINDOWS\System32\winrnr.dll
0x00007ff990460000 - 0x00007ff99046a000 	C:\Windows\System32\rasadhlp.dll
0x00007ff991290000 - 0x00007ff99130f000 	C:\WINDOWS\System32\fwpuclnt.dll
0x00007ff9a03b0000 - 0x00007ff9a03d7000 	C:\WINDOWS\System32\bcrypt.dll
0x00007ff99f820000 - 0x00007ff99f838000 	C:\WINDOWS\SYSTEM32\CRYPTSP.dll
0x00007ff99ef60000 - 0x00007ff99ef94000 	C:\WINDOWS\system32\rsaenh.dll
0x00007ff99fd00000 - 0x00007ff99fd2e000 	C:\WINDOWS\SYSTEM32\USERENV.dll
0x00007ff99f810000 - 0x00007ff99f81c000 	C:\WINDOWS\SYSTEM32\CRYPTBASE.dll
0x00007ff9979c0000 - 0x00007ff9979d7000 	C:\WINDOWS\SYSTEM32\dhcpcsvc6.DLL
0x00007ff997f60000 - 0x00007ff997f7d000 	C:\WINDOWS\SYSTEM32\dhcpcsvc.DLL

dbghelp: loaded successfully - version: 4.0.5 - missing functions: none
symbol engine: initialized successfully - sym options: 0x614 - pdb path: .;D:\java\IntelliJ IDEA Community Edition 2019.2.3\jbr\bin;C:\WINDOWS\SYSTEM32;C:\WINDOWS\WinSxS\amd64_microsoft.windows.common-controls_6595b64144ccf1df_6.0.19041.1_none_b555e41d4684ddec;D:\java\IntelliJ IDEA Community Edition 2019.2.3\jbr\bin\server;D:\java\IntelliJ IDEA Community Edition 2019.2.3\bin

VM Arguments:
jvm_args: -javaagent:D:\java\IntelliJ IDEA Community Edition 2019.2.3\lib\idea_rt.jar=51341:D:\java\IntelliJ IDEA Community Edition 2019.2.3\bin -Dfile.encoding=UTF-8 
java_command: com.andreea.magazinonline.MagazinonlineApplication
java_class_path (initial): D:\magazinonline\target\classes;C:\Users\Andreea\.m2\repository\org\springframework\boot\spring-boot-starter-data-jpa\2.3.1.RELEASE\spring-boot-starter-data-jpa-2.3.1.RELEASE.jar;C:\Users\Andreea\.m2\repository\org\springframework\boot\spring-boot-starter-aop\2.3.1.RELEASE\spring-boot-starter-aop-2.3.1.RELEASE.jar;C:\Users\Andreea\.m2\repository\org\springframework\spring-aop\5.2.7.RELEASE\spring-aop-5.2.7.RELEASE.jar;C:\Users\Andreea\.m2\repository\org\aspectj\aspectjweaver\1.9.5\aspectjweaver-1.9.5.jar;C:\Users\Andreea\.m2\repository\org\springframework\boot\spring-boot-starter-jdbc\2.3.1.RELEASE\spring-boot-starter-jdbc-2.3.1.RELEASE.jar;C:\Users\Andreea\.m2\repository\com\zaxxer\HikariCP\3.4.5\HikariCP-3.4.5.jar;C:\Users\Andreea\.m2\repository\org\springframework\spring-jdbc\5.2.7.RELEASE\spring-jdbc-5.2.7.RELEASE.jar;C:\Users\Andreea\.m2\repository\jakarta\transaction\jakarta.transaction-api\1.3.3\jakarta.transaction-api-1.3.3.jar;C:\Users\Andreea\.m2\repository\jakarta\persistence\jakarta.persistence-api\2.2.3\jakarta.persistence-api-2.2.3.jar;C:\Users\Andreea\.m2\repository\org\hibernate\hibernate-core\5.4.17.Final\hibernate-core-5.4.17.Final.jar;C:\Users\Andreea\.m2\repository\org\jboss\logging\jboss-logging\3.4.1.Final\jboss-logging-3.4.1.Final.jar;C:\Users\Andreea\.m2\repository\org\javassist\javassist\3.24.0-GA\javassist-3.24.0-GA.jar;C:\Users\Andreea\.m2\repository\net\bytebuddy\byte-buddy\1.10.11\byte-buddy-1.10.11.jar;C:\Users\Andreea\.m2\repository\antlr\antlr\2.7.7\antlr-2.7.7.jar;C:\Users\Andreea\.m2\repository\org\jboss\jandex\2.1.3.Final\jandex-2.1.3.Final.jar;C:\Users\Andreea\.m2\repository\com\fasterxml\classmate\1.5.1\classmate-1.5.1.jar;C:\Users\Andreea\.m2\repository\org\dom4j\dom4j\2.1.3\dom4j-2.1.3.jar;C:\Users\Andreea\.m2\repository\org\hibernate\common\hibernate-commons-annotations\5.1.0.Final\hibernate-commons-annotations-5.1.0.Final.jar;C:\Users\Andreea\.m2\repository\org\glassfish\jaxb\jaxb-runtime\2.3.3\ja
Launcher Type: SUN_STANDARD

[Global flags]
     intx CICompilerCount                          = 4                                         {product} {ergonomic}
     uint ConcGCThreads                            = 2                                         {product} {ergonomic}
     uint G1ConcRefinementThreads                  = 8                                         {product} {ergonomic}
   size_t G1HeapRegionSize                         = 1048576                                   {product} {ergonomic}
    uintx GCDrainStackTargetSize                   = 64                                        {product} {ergonomic}
   size_t InitialHeapSize                          = 134217728                                 {product} {ergonomic}
   size_t MarkStackSize                            = 4194304                                   {product} {ergonomic}
   size_t MaxHeapSize                              = 2116026368                                {product} {ergonomic}
   size_t MaxNewSize                               = 1268776960                                {product} {ergonomic}
   size_t MinHeapDeltaBytes                        = 1048576                                   {product} {ergonomic}
    uintx NonNMethodCodeHeapSize                   = 5835340                                {pd product} {ergonomic}
    uintx NonProfiledCodeHeapSize                  = 122911450                              {pd product} {ergonomic}
    uintx ProfiledCodeHeapSize                     = 122911450                              {pd product} {ergonomic}
    uintx ReservedCodeCacheSize                    = 251658240                              {pd product} {ergonomic}
     bool SegmentedCodeCache                       = true                                      {product} {ergonomic}
     bool UseCompressedClassPointers               = true                                 {lp64_product} {ergonomic}
     bool UseCompressedOops                        = true                                 {lp64_product} {ergonomic}
     bool UseG1GC                                  = true                                      {product} {ergonomic}
     bool UseLargePagesIndividualAllocation        = false                                  {pd product} {ergonomic}

Logging:
Log output configuration:
 #0: stdout all=warning uptime,level,tags
 #1: stderr all=off uptime,level,tags

Environment Variables:
PATH=C:\Python38\Scripts\;C:\Python38\;C:\Program Files (x86)\Common Files\Oracle\Java\javapath;C:\WINDOWS\system32;C:\WINDOWS;C:\WINDOWS\System32\Wbem;C:\WINDOWS\System32\WindowsPowerShell\v1.0\;C:\WINDOWS\System32\OpenSSH\;C:\Program Files\Git\cmd;C:\Program Files (x86)\Microsoft SQL Server\150\DTS\Binn\;C:\Program Files\Microsoft SQL Server\Client SDK\ODBC\130\Tools\Binn\;C:\Program Files (x86)\Microsoft SQL Server\140\Tools\Binn\;C:\Program Files\Microsoft SQL Server\140\Tools\Binn\;C:\Program Files\Microsoft SQL Server\140\DTS\Binn\;C:\Program Files\nodejs\;C:\ProgramData\chocolatey\bin;C:\Users\Andreea\AppData\Local\Microsoft\WindowsApps;;D:\java\IntelliJ IDEA Community Edition 2019.2.3\bin;;C:\Users\Andreea\AppData\Roaming\npm;D:\java\Java unlimited\IntelliJ IDEA 2020.1.2\bin;
USERNAME=Andreea
OS=Windows_NT
PROCESSOR_IDENTIFIER=Intel64 Family 6 Model 158 Stepping 10, GenuineIntel



---------------  S Y S T E M  ---------------

OS: Windows 10 , 64 bit Build 19041 (10.0.19041.292)

CPU:total 8 (initial active 8) (4 cores per cpu, 2 threads per core) family 6 model 158 stepping 10, cmov, cx8, fxsr, mmx, sse, sse2, sse3, ssse3, sse4.1, sse4.2, popcnt, avx, avx2, aes, clmul, erms, 3dnowpref, lzcnt, ht, tsc, tscinvbit, bmi1, bmi2, adx, fma

Memory: 4k page, system-wide physical 8066M (534M free)
TotalPageFile size 19715M (AvailPageFile size 11M)
current process WorkingSet (physical memory assigned to process): 210M, peak: 210M
current process commit charge ("private bytes"): 280M, peak: 302M

vm_info: OpenJDK 64-Bit Server VM (11.0.4+10-b304.69) for windows-amd64 JRE (11.0.4+10-b304.69), built on Sep  9 2019 11:39:50 by "" with MS VC++ 14.0 (VS2015)

END.
